{"level":"info","message":"Email noahheath12@yahoo.com","timestamp":"2015-09-30T21:40:15.664Z"}
{"level":"info","message":"Job Title Junior Developer","timestamp":"2015-09-30T21:40:15.664Z"}
{"level":"info","message":"User Role jobseeker","timestamp":"2015-09-30T21:40:15.664Z"}
{"timestamp":"2015-09-30T21:45:24.185Z","level":"info","message":"Date Created"}
{"level":"info","message":"Email test1@gmail.com","timestamp":"2015-09-30T21:45:24.187Z"}
{"level":"info","message":"Job Title Senior Developer II","timestamp":"2015-09-30T21:45:24.187Z"}
{"level":"info","message":"User Role recruiter","timestamp":"2015-09-30T21:45:24.187Z"}
{"timestamp":"2015-09-30T21:47:06.545Z","level":"info","message":"Date Created"}
{"level":"info","message":"Email noahheath12@yahoo.com","timestamp":"2015-09-30T21:47:06.546Z"}
{"level":"info","message":"Job Title Junior Developer","timestamp":"2015-09-30T21:47:06.547Z"}
{"level":"info","message":"User Role jobseeker","timestamp":"2015-09-30T21:47:06.547Z"}
{"timestamp":"2015-09-30T21:51:27.007Z","level":"info","message":"Date Created"}
{"level":"info","message":"Email test2@gmail.com","timestamp":"2015-09-30T21:51:27.009Z"}
{"level":"info","message":"Job Title Junior Developer II","timestamp":"2015-09-30T21:51:27.009Z"}
{"level":"info","message":"User Role jobseeker","timestamp":"2015-09-30T21:51:27.009Z"}
{"timestamp":"2015-09-30T21:55:06.856Z","level":"info","message":"Date Created"}
{"level":"info","message":"Email test3@yahoo.com","timestamp":"2015-09-30T21:55:06.858Z"}
{"level":"info","message":"Job Title Senior Project Manager","timestamp":"2015-09-30T21:55:06.858Z"}
{"level":"info","message":"User Role recruiter","timestamp":"2015-09-30T21:55:06.859Z"}
{"timestamp":"2015-09-30T21:57:13.411Z","level":"info","message":"Date Created"}
{"level":"info","message":"Email test4@gmail.com","timestamp":"2015-09-30T21:57:13.413Z"}
{"level":"info","message":"Job Title Senior Developer","timestamp":"2015-09-30T21:57:13.413Z"}
{"level":"info","message":"User Role jobseeker","timestamp":"2015-09-30T21:57:13.413Z"}
{"timestamp":"2015-09-30T22:02:42.964Z","level":"info","message":"Date Created"}
{"level":"info","message":"Email test5@gmail.com","timestamp":"2015-09-30T22:02:42.966Z"}
{"level":"info","message":"Job Title Lead Developer","timestamp":"2015-09-30T22:02:42.967Z"}
{"level":"info","message":"User Role jobseeker","timestamp":"2015-09-30T22:02:42.967Z"}
{"timestamp":"2015-09-30T22:08:23.346Z","level":"info","message":"Date Created"}
{"level":"info","message":"Email test6@yahoo.com","timestamp":"2015-09-30T22:08:23.348Z"}
{"level":"info","message":"Job Title Developer","timestamp":"2015-09-30T22:08:23.349Z"}
{"level":"info","message":"User Role recruiter","timestamp":"2015-09-30T22:08:23.349Z"}
{"timestamp":"2015-09-30T22:11:23.956Z","level":"info","message":"Date Created"}
{"level":"info","message":"Email test9@gmail.com","timestamp":"2015-09-30T22:11:23.957Z"}
{"level":"info","message":"Job Title Junior Developer","timestamp":"2015-09-30T22:11:23.958Z"}
{"level":"info","message":"User Role jobseeker","timestamp":"2015-09-30T22:11:23.958Z"}
{"timestamp":"2015-09-30T22:11:42.664Z","level":"info","message":"Date Created"}
{"level":"info","message":"Email test10@gmail.com","timestamp":"2015-09-30T22:11:42.664Z"}
{"level":"info","message":"Job Title Senior Developer","timestamp":"2015-09-30T22:11:42.664Z"}
{"level":"info","message":"User Role recruiter","timestamp":"2015-09-30T22:11:42.664Z"}
{"timestamp":"2015-09-30T22:27:35.009Z","level":"info","message":"Date Created"}
{"level":"info","message":"Email test11@gmail.com","timestamp":"2015-09-30T22:27:35.011Z"}
{"level":"info","message":"Job Title Junior Developer","timestamp":"2015-09-30T22:27:35.012Z"}
{"level":"info","message":"User Role jobseeker","timestamp":"2015-09-30T22:27:35.012Z"}
{"timestamp":"2015-09-30T22:31:16.463Z","level":"info","message":"Date Created"}
{"level":"info","message":"Email test12@gmail.com","timestamp":"2015-09-30T22:31:16.465Z"}
{"level":"info","message":"Job Title Junior Developer","timestamp":"2015-09-30T22:31:16.465Z"}
{"level":"info","message":"User Role jobseeker","timestamp":"2015-09-30T22:31:16.465Z"}
{"timestamp":"2015-09-30T22:31:43.491Z","level":"info","message":"Date Created"}
{"level":"info","message":"Email test13@gmail.com","timestamp":"2015-09-30T22:31:43.492Z"}
{"level":"info","message":"Job Title Senior Developer","timestamp":"2015-09-30T22:31:43.492Z"}
{"level":"info","message":"User Role recruiter","timestamp":"2015-09-30T22:31:43.492Z"}
{"timestamp":"2015-10-01T03:25:49.455Z","level":"info","message":"Date Created"}
{"level":"info","message":"Email noah.heath@bison.howard.edu","timestamp":"2015-10-01T03:25:49.456Z"}
{"level":"info","message":"Job Title Junior Developer","timestamp":"2015-10-01T03:25:49.457Z"}
{"level":"info","message":"User Role jobseeker","timestamp":"2015-10-01T03:25:49.457Z"}
